1593216455.451735 client started (12799): version 2.9, socket /tmp/tmux-1000/default, protocol 8
1593216455.451759 on Linux 4.15.0-101-generic #102-Ubuntu SMP Mon May 11 10:07:26 UTC 2020; libevent 2.1.8-stable (poll)
1593216455.451773 socket is /tmp/tmux-1000/default
1593216455.451784 trying connect
1593216455.451848 add peer 0x55603237b6f0: 6 ((nil))
1593216455.451903 sending message 100 to peer 0x55603237b6f0 (4 bytes)
1593216455.451908 sending message 101 to peer 0x55603237b6f0 (16 bytes)
1593216455.451911 sending message 102 to peer 0x55603237b6f0 (11 bytes)
1593216455.451913 sending message 108 to peer 0x55603237b6f0 (36 bytes)
1593216455.451917 sending message 104 to peer 0x55603237b6f0 (0 bytes)
1593216455.451920 sending message 107 to peer 0x55603237b6f0 (4 bytes)
1593216455.451923 sending message 105 to peer 0x55603237b6f0 (54 bytes)
1593216455.451926 sending message 105 to peer 0x55603237b6f0 (18 bytes)
1593216455.451929 sending message 105 to peer 0x55603237b6f0 (17 bytes)
1593216455.451931 sending message 105 to peer 0x55603237b6f0 (15 bytes)
1593216455.451934 sending message 105 to peer 0x55603237b6f0 (22 bytes)
1593216455.451939 sending message 105 to peer 0x55603237b6f0 (24 bytes)
1593216455.451942 sending message 105 to peer 0x55603237b6f0 (224 bytes)
1593216455.451945 sending message 105 to peer 0x55603237b6f0 (40 bytes)
1593216455.451947 sending message 105 to peer 0x55603237b6f0 (19 bytes)
1593216455.451950 sending message 105 to peer 0x55603237b6f0 (8 bytes)
1593216455.451952 sending message 105 to peer 0x55603237b6f0 (34 bytes)
1593216455.451955 sending message 105 to peer 0x55603237b6f0 (53 bytes)
1593216455.451958 sending message 105 to peer 0x55603237b6f0 (19 bytes)
1593216455.451960 sending message 105 to peer 0x55603237b6f0 (21 bytes)
1593216455.451963 sending message 105 to peer 0x55603237b6f0 (35 bytes)
1593216455.451965 sending message 105 to peer 0x55603237b6f0 (14 bytes)
1593216455.451968 sending message 105 to peer 0x55603237b6f0 (53 bytes)
1593216455.451971 sending message 105 to peer 0x55603237b6f0 (12 bytes)
1593216455.451973 sending message 105 to peer 0x55603237b6f0 (31 bytes)
1593216455.451978 sending message 105 to peer 0x55603237b6f0 (17 bytes)
1593216455.451980 sending message 105 to peer 0x55603237b6f0 (22 bytes)
1593216455.451983 sending message 105 to peer 0x55603237b6f0 (12 bytes)
1593216455.451985 sending message 105 to peer 0x55603237b6f0 (12 bytes)
1593216455.451988 sending message 105 to peer 0x55603237b6f0 (11 bytes)
1593216455.451991 sending message 105 to peer 0x55603237b6f0 (16 bytes)
1593216455.451993 sending message 105 to peer 0x55603237b6f0 (38 bytes)
1593216455.451996 sending message 105 to peer 0x55603237b6f0 (37 bytes)
1593216455.451998 sending message 105 to peer 0x55603237b6f0 (27 bytes)
1593216455.452001 sending message 105 to peer 0x55603237b6f0 (20 bytes)
1593216455.452003 sending message 105 to peer 0x55603237b6f0 (29 bytes)
1593216455.452006 sending message 105 to peer 0x55603237b6f0 (143 bytes)
1593216455.452009 sending message 105 to peer 0x55603237b6f0 (31 bytes)
1593216455.452011 sending message 105 to peer 0x55603237b6f0 (27 bytes)
1593216455.452014 sending message 105 to peer 0x55603237b6f0 (47 bytes)
1593216455.452019 sending message 105 to peer 0x55603237b6f0 (92 bytes)
1593216455.452021 sending message 105 to peer 0x55603237b6f0 (22 bytes)
1593216455.452024 sending message 105 to peer 0x55603237b6f0 (45 bytes)
1593216455.452027 sending message 105 to peer 0x55603237b6f0 (32 bytes)
1593216455.452029 sending message 105 to peer 0x55603237b6f0 (15 bytes)
1593216455.452032 sending message 105 to peer 0x55603237b6f0 (39 bytes)
1593216455.452035 sending message 105 to peer 0x55603237b6f0 (40 bytes)
1593216455.452037 sending message 105 to peer 0x55603237b6f0 (86 bytes)
1593216455.452040 sending message 105 to peer 0x55603237b6f0 (17 bytes)
1593216455.452042 sending message 105 to peer 0x55603237b6f0 (13 bytes)
1593216455.452045 sending message 105 to peer 0x55603237b6f0 (47 bytes)
1593216455.452048 sending message 105 to peer 0x55603237b6f0 (19 bytes)
1593216455.452055 sending message 105 to peer 0x55603237b6f0 (16 bytes)
1593216455.452058 sending message 106 to peer 0x55603237b6f0 (0 bytes)
1593216455.452060 sending message 200 to peer 0x55603237b6f0 (4 bytes)
1593216455.452066 client loop enter
1593216455.452541 peer 0x55603237b6f0 message 211
1593216455.452557 client_write: sessions should be nested with care, unset $TMUX to force\n
1593216455.452584 peer 0x55603237b6f0 message 203
1593216455.452588 client loop exit
